600.perlbench_s-570B.champsimtrace.xz
602.gcc_s-1850B.champsimtrace.xz
run_8core_spec.sh: line 48: ./results/600.perlbench_s-570B_50M_200M: No such file or directory
602.gcc_s-2226B.champsimtrace.xz
602.gcc_s-734B.champsimtrace.xz
run_8core_spec.sh: line 48: ./results/602.gcc_s-1850B_50M_200M: No such file or directory
603.bwaves_s-1740B.champsimtrace.xz
run_8core_spec.sh: line 48: ./results/602.gcc_s-2226B_50M_200M: No such file or directory
603.bwaves_s-2609B.champsimtrace.xz
run_8core_spec.sh: line 48: ./results/602.gcc_s-734B_50M_200M: No such file or directory
603.bwaves_s-2931B.champsimtrace.xz
run_8core_spec.sh: line 48: ./results/603.bwaves_s-1740B_50M_200M: No such file or directory
603.bwaves_s-891B.champsimtrace.xz
run_8core_spec.sh: line 48: ./results/603.bwaves_s-2609B_50M_200M: No such file or directory
605.mcf_s-1152B.champsimtrace.xz
run_8core_spec.sh: line 48: ./results/603.bwaves_s-2931B_50M_200M: No such file or directory
605.mcf_s-1536B.champsimtrace.xz
run_8core_spec.sh: line 48: ./results/603.bwaves_s-891B_50M_200M: No such file or directory
run_8core_spec.sh: line 48: ./results/605.mcf_s-1152B_50M_200M: No such file or directory
605.mcf_s-1554B.champsimtrace.xz
605.mcf_s-1644B.champsimtrace.xz
run_8core_spec.sh: line 48: ./results/605.mcf_s-1536B_50M_200M: No such file or directory
605.mcf_s-472B.champsimtrace.xz
run_8core_spec.sh: line 48: ./results/605.mcf_s-1554B_50M_200M: No such file or directory
605.mcf_s-484B.champsimtrace.xz
run_8core_spec.sh: line 48: ./results/605.mcf_s-1644B_50M_200M: No such file or directory
605.mcf_s-665B.champsimtrace.xz
run_8core_spec.sh: line 48: ./results/605.mcf_s-472B_50M_200M: No such file or directory
605.mcf_s-782B.champsimtrace.xz
run_8core_spec.sh: line 48: ./results/605.mcf_s-484B_50M_200M: No such file or directory
605.mcf_s-994B.champsimtrace.xz
run_8core_spec.sh: line 48: ./results/605.mcf_s-665B_50M_200M: No such file or directory
607.cactuBSSN_s-2421B.champsimtrace.xz
run_8core_spec.sh: line 48: ./results/605.mcf_s-782B_50M_200M: No such file or directory
607.cactuBSSN_s-3477B.champsimtrace.xz
run_8core_spec.sh: line 48: ./results/605.mcf_s-994B_50M_200M: No such file or directory
run_8core_spec.sh: line 48: ./results/607.cactuBSSN_s-2421B_50M_200M: No such file or directory
607.cactuBSSN_s-4004B.champsimtrace.xz
run_8core_spec.sh: line 48: ./results/607.cactuBSSN_s-3477B_50M_200M: No such file or directory
619.lbm_s-2676B.champsimtrace.xz
619.lbm_s-2677B.champsimtrace.xz
run_8core_spec.sh: line 48: ./results/607.cactuBSSN_s-4004B_50M_200M: No such file or directory
619.lbm_s-3766B.champsimtrace.xz
run_8core_spec.sh: line 48: ./results/619.lbm_s-2676B_50M_200M: No such file or directory
619.lbm_s-4268B.champsimtrace.xz
run_8core_spec.sh: line 48: ./results/619.lbm_s-2677B_50M_200M: No such file or directory
620.omnetpp_s-141B.champsimtrace.xz
run_8core_spec.sh: line 48: ./results/619.lbm_s-3766B_50M_200M: No such file or directory
620.omnetpp_s-874B.champsimtrace.xz
run_8core_spec.sh: line 48: ./results/619.lbm_s-4268B_50M_200M: No such file or directory
621.wrf_s-6673B.champsimtrace.xz
run_8core_spec.sh: line 48: ./results/620.omnetpp_s-141B_50M_200M: No such file or directory
621.wrf_s-8065B.champsimtrace.xz
run_8core_spec.sh: line 48: ./results/620.omnetpp_s-874B_50M_200M: No such file or directory
623.xalancbmk_s-10B.champsimtrace.xz
run_8core_spec.sh: line 48: ./results/621.wrf_s-6673B_50M_200M: No such file or directory
623.xalancbmk_s-165B.champsimtrace.xz
623.xalancbmk_s-202B.champsimtrace.xz
run_8core_spec.sh: line 48: ./results/621.wrf_s-8065B_50M_200M: No such file or directory
run_8core_spec.sh: line 48: ./results/623.xalancbmk_s-165B_50M_200M: No such file or directory
625.x264_s-20B.champsimtrace.xz
run_8core_spec.sh: line 48: ./results/623.xalancbmk_s-10B_50M_200M: No such file or directory
627.cam4_s-490B.champsimtrace.xz
run_8core_spec.sh: line 48: ./results/623.xalancbmk_s-202B_50M_200M: No such file or directory
628.pop2_s-17B.champsimtrace.xz
run_8core_spec.sh: line 48: ./results/625.x264_s-20B_50M_200M: No such file or directory
649.fotonik3d_s-10881B.champsimtrace.xz
run_8core_spec.sh: line 48: ./results/627.cam4_s-490B_50M_200M: No such file or directory
649.fotonik3d_s-1176B.champsimtrace.xz
run_8core_spec.sh: line 48: ./results/628.pop2_s-17B_50M_200M: No such file or directory
649.fotonik3d_s-7084B.champsimtrace.xz
run_8core_spec.sh: line 48: ./results/649.fotonik3d_s-10881B_50M_200M: No such file or directory
649.fotonik3d_s-8225B.champsimtrace.xz
run_8core_spec.sh: line 48: ./results/649.fotonik3d_s-1176B_50M_200M: No such file or directory
654.roms_s-1007B.champsimtrace.xz
run_8core_spec.sh: line 48: ./results/649.fotonik3d_s-7084B_50M_200M: No such file or directory
654.roms_s-1070B.champsimtrace.xz
run_8core_spec.sh: line 48: ./results/649.fotonik3d_s-8225B_50M_200M: No such file or directory
654.roms_s-1390B.champsimtrace.xz
run_8core_spec.sh: line 48: ./results/654.roms_s-1007B_50M_200M: No such file or directory
654.roms_s-293B.champsimtrace.xz
run_8core_spec.sh: line 48: ./results/654.roms_s-1070B_50M_200M: No such file or directory
654.roms_s-294B.champsimtrace.xz
run_8core_spec.sh: line 48: ./results/654.roms_s-293B_50M_200M: No such file or directory
run_8core_spec.sh: line 48: ./results/654.roms_s-1390B_50M_200M: No such file or directory
654.roms_s-523B.champsimtrace.xz
run_8core_spec.sh: line 48: ./results/654.roms_s-294B_50M_200M: No such file or directory
657.xz_s-2302B.champsimtrace.xz
run_8core_spec.sh: line 48: ./results/654.roms_s-523B_50M_200M: No such file or directory
run_8core_spec.sh: line 48: ./results/657.xz_s-2302B_50M_200M: No such file or directory
600.perlbench_s-570B.champsimtrace.xz
602.gcc_s-1850B.champsimtrace.xz
602.gcc_s-2226B.champsimtrace.xz
run_8core_spec.sh: line 48: ./results/600.perlbench_s-570B_50M_200M.txt: No such file or directory
602.gcc_s-734B.champsimtrace.xz
run_8core_spec.sh: line 48: ./results/602.gcc_s-1850B_50M_200M.txt: No such file or directory
603.bwaves_s-1740B.champsimtrace.xz
run_8core_spec.sh: line 48: ./results/602.gcc_s-2226B_50M_200M.txt: No such file or directory
603.bwaves_s-2609B.champsimtrace.xz
run_8core_spec.sh: line 48: ./results/602.gcc_s-734B_50M_200M.txt: No such file or directory
603.bwaves_s-2931B.champsimtrace.xz
run_8core_spec.sh: line 48: ./results/603.bwaves_s-1740B_50M_200M.txt: No such file or directory
603.bwaves_s-891B.champsimtrace.xz
run_8core_spec.sh: line 48: ./results/603.bwaves_s-2609B_50M_200M.txt: No such file or directory
605.mcf_s-1152B.champsimtrace.xz
run_8core_spec.sh: line 48: ./results/603.bwaves_s-2931B_50M_200M.txt: No such file or directory
605.mcf_s-1536B.champsimtrace.xz
run_8core_spec.sh: line 48: ./results/603.bwaves_s-891B_50M_200M.txt: No such file or directory
605.mcf_s-1554B.champsimtrace.xz
run_8core_spec.sh: line 48: ./results/605.mcf_s-1152B_50M_200M.txt: No such file or directory
605.mcf_s-1644B.champsimtrace.xz
run_8core_spec.sh: line 48: ./results/605.mcf_s-1536B_50M_200M.txt: No such file or directory
run_8core_spec.sh: line 48: ./results/605.mcf_s-1554B_50M_200M.txt: No such file or directory
605.mcf_s-472B.champsimtrace.xz
605.mcf_s-484B.champsimtrace.xz
run_8core_spec.sh: line 48: ./results/605.mcf_s-472B_50M_200M.txt: No such file or directory
run_8core_spec.sh: line 48: ./results/605.mcf_s-1644B_50M_200M.txt: No such file or directory
605.mcf_s-665B.champsimtrace.xz
605.mcf_s-782B.champsimtrace.xz
run_8core_spec.sh: line 48: ./results/605.mcf_s-484B_50M_200M.txt: No such file or directory
605.mcf_s-994B.champsimtrace.xz
run_8core_spec.sh: line 48: ./results/605.mcf_s-665B_50M_200M.txt: No such file or directory
607.cactuBSSN_s-2421B.champsimtrace.xz
run_8core_spec.sh: line 48: ./results/605.mcf_s-782B_50M_200M.txt: No such file or directory
607.cactuBSSN_s-3477B.champsimtrace.xz
run_8core_spec.sh: line 48: ./results/605.mcf_s-994B_50M_200M.txt: No such file or directory
607.cactuBSSN_s-4004B.champsimtrace.xz
run_8core_spec.sh: line 48: ./results/607.cactuBSSN_s-2421B_50M_200M.txt: No such file or directory
619.lbm_s-2676B.champsimtrace.xz
run_8core_spec.sh: line 48: ./results/607.cactuBSSN_s-3477B_50M_200M.txt: No such file or directory
619.lbm_s-2677B.champsimtrace.xz
run_8core_spec.sh: line 48: ./results/607.cactuBSSN_s-4004B_50M_200M.txt: No such file or directory
619.lbm_s-3766B.champsimtrace.xz
run_8core_spec.sh: line 48: ./results/619.lbm_s-2676B_50M_200M.txt: No such file or directory
619.lbm_s-4268B.champsimtrace.xz
run_8core_spec.sh: line 48: ./results/619.lbm_s-2677B_50M_200M.txt: No such file or directory
620.omnetpp_s-141B.champsimtrace.xz
run_8core_spec.sh: line 48: ./results/619.lbm_s-4268B_50M_200M.txt: No such file or directory
run_8core_spec.sh: line 48: ./results/619.lbm_s-3766B_50M_200M.txt: No such file or directory
620.omnetpp_s-874B.champsimtrace.xz
run_8core_spec.sh: line 48: ./results/620.omnetpp_s-141B_50M_200M.txt: No such file or directory
621.wrf_s-6673B.champsimtrace.xz
621.wrf_s-8065B.champsimtrace.xz
run_8core_spec.sh: line 48: ./results/620.omnetpp_s-874B_50M_200M.txt: No such file or directory
623.xalancbmk_s-10B.champsimtrace.xz
run_8core_spec.sh: line 48: ./results/621.wrf_s-6673B_50M_200M.txt: No such file or directory
623.xalancbmk_s-165B.champsimtrace.xz
run_8core_spec.sh: line 48: ./results/621.wrf_s-8065B_50M_200M.txt: No such file or directory
623.xalancbmk_s-202B.champsimtrace.xz
run_8core_spec.sh: line 48: ./results/623.xalancbmk_s-10B_50M_200M.txt: No such file or directory
625.x264_s-20B.champsimtrace.xz
run_8core_spec.sh: line 48: ./results/623.xalancbmk_s-165B_50M_200M.txt: No such file or directory
627.cam4_s-490B.champsimtrace.xz
628.pop2_s-17B.champsimtrace.xz
run_8core_spec.sh: line 48: ./results/623.xalancbmk_s-202B_50M_200M.txt: No such file or directory
run_8core_spec.sh: line 48: ./results/625.x264_s-20B_50M_200M.txt: No such file or directory
649.fotonik3d_s-10881B.champsimtrace.xz
run_8core_spec.sh: line 48: ./results/627.cam4_s-490B_50M_200M.txt: No such file or directory
649.fotonik3d_s-1176B.champsimtrace.xz
run_8core_spec.sh: line 48: ./results/628.pop2_s-17B_50M_200M.txt: No such file or directory
649.fotonik3d_s-7084B.champsimtrace.xz
run_8core_spec.sh: line 48: ./results/649.fotonik3d_s-10881B_50M_200M.txt: No such file or directory
649.fotonik3d_s-8225B.champsimtrace.xz
run_8core_spec.sh: line 48: ./results/649.fotonik3d_s-7084B_50M_200M.txt: No such file or directory
run_8core_spec.sh: line 48: ./results/649.fotonik3d_s-1176B_50M_200M.txt: No such file or directory
654.roms_s-1007B.champsimtrace.xz
run_8core_spec.sh: line 48: ./results/649.fotonik3d_s-8225B_50M_200M.txt: No such file or directory
654.roms_s-1070B.champsimtrace.xz
654.roms_s-1390B.champsimtrace.xz
run_8core_spec.sh: line 48: ./results/654.roms_s-1007B_50M_200M.txt: No such file or directory
654.roms_s-293B.champsimtrace.xz
run_8core_spec.sh: line 48: ./results/654.roms_s-1070B_50M_200M.txt: No such file or directory
654.roms_s-294B.champsimtrace.xz
run_8core_spec.sh: line 48: ./results/654.roms_s-1390B_50M_200M.txt: No such file or directory
654.roms_s-523B.champsimtrace.xz
run_8core_spec.sh: line 48: ./results/654.roms_s-293B_50M_200M.txt: No such file or directory
657.xz_s-2302B.champsimtrace.xz
run_8core_spec.sh: line 48: ./results/654.roms_s-294B_50M_200M.txt: No such file or directory
run_8core_spec.sh: line 48: ./results/654.roms_s-523B_50M_200M.txt: No such file or directory
run_8core_spec.sh: line 48: ./results/657.xz_s-2302B_50M_200M.txt: No such file or directory
600.perlbench_s-570B.champsimtrace.xz
602.gcc_s-1850B.champsimtrace.xz
602.gcc_s-2226B.champsimtrace.xz
602.gcc_s-734B.champsimtrace.xz
603.bwaves_s-1740B.champsimtrace.xz
nohup: failed to run command './bin/bin/bimodal-no-no-no-srrip-1-2-1-4-1-1-8core_sass': No such file or directory
603.bwaves_s-2609B.champsimtrace.xz
603.bwaves_s-2931B.champsimtrace.xz
603.bwaves_s-891B.champsimtrace.xz
nohup: failed to run command './bin/bin/bimodal-no-no-no-srrip-1-2-1-4-1-1-8core_sass': No such file or directory
605.mcf_s-1152B.champsimtrace.xz
nohup: failed to run command './bin/bin/bimodal-no-no-no-srrip-1-2-1-4-1-1-8core_sass': No such file or directory
605.mcf_s-1536B.champsimtrace.xz
nohup: failed to run command './bin/bin/bimodal-no-no-no-srrip-1-2-1-4-1-1-8core_sass': No such file or directory
nohup: failed to run command './bin/bin/bimodal-no-no-no-srrip-1-2-1-4-1-1-8core_sass': No such file or directory605.mcf_s-1554B.champsimtrace.xz

nohup: failed to run command './bin/bin/bimodal-no-no-no-srrip-1-2-1-4-1-1-8core_sass': No such file or directory
605.mcf_s-1644B.champsimtrace.xz
nohup: failed to run command './bin/bin/bimodal-no-no-no-srrip-1-2-1-4-1-1-8core_sass': No such file or directory
nohup: failed to run command './bin/bin/bimodal-no-no-no-srrip-1-2-1-4-1-1-8core_sass'605.mcf_s-472B.champsimtrace.xz
: No such file or directory
605.mcf_s-484B.champsimtrace.xz
605.mcf_s-665B.champsimtrace.xz
nohup: failed to run command './bin/bin/bimodal-no-no-no-srrip-1-2-1-4-1-1-8core_sass'nohup: failed to run command './bin/bin/bimodal-no-no-no-srrip-1-2-1-4-1-1-8core_sass': No such file or directory
: No such file or directory
nohup: failed to run command './bin/bin/bimodal-no-no-no-srrip-1-2-1-4-1-1-8core_sass': No such file or directory
nohup: failed to run command './bin/bin/bimodal-no-no-no-srrip-1-2-1-4-1-1-8core_sass': No such file or directory
605.mcf_s-782B.champsimtrace.xz
605.mcf_s-994B.champsimtrace.xz
nohup: failed to run command './bin/bin/bimodal-no-no-no-srrip-1-2-1-4-1-1-8core_sass': No such file or directory
607.cactuBSSN_s-2421B.champsimtrace.xz
nohup: failed to run command './bin/bin/bimodal-no-no-no-srrip-1-2-1-4-1-1-8core_sass'607.cactuBSSN_s-3477B.champsimtrace.xz
: No such file or directory
607.cactuBSSN_s-4004B.champsimtrace.xz
nohup: failed to run command './bin/bin/bimodal-no-no-no-srrip-1-2-1-4-1-1-8core_sass': No such file or directory
nohup: failed to run command './bin/bin/bimodal-no-no-no-srrip-1-2-1-4-1-1-8core_sass': No such file or directory
nohup: failed to run command './bin/bin/bimodal-no-no-no-srrip-1-2-1-4-1-1-8core_sass': No such file or directory
619.lbm_s-2676B.champsimtrace.xz
nohup: failed to run command './bin/bin/bimodal-no-no-no-srrip-1-2-1-4-1-1-8core_sass': No such file or directory
619.lbm_s-2677B.champsimtrace.xz
nohup: failed to run command './bin/bin/bimodal-no-no-no-srrip-1-2-1-4-1-1-8core_sass'619.lbm_s-3766B.champsimtrace.xz
: No such file or directory
619.lbm_s-4268B.champsimtrace.xz
620.omnetpp_s-141B.champsimtrace.xz
nohup: failed to run command './bin/bin/bimodal-no-no-no-srrip-1-2-1-4-1-1-8core_sass': No such file or directory
620.omnetpp_s-874B.champsimtrace.xz
nohup: failed to run command './bin/bin/bimodal-no-no-no-srrip-1-2-1-4-1-1-8core_sass': No such file or directory
621.wrf_s-6673B.champsimtrace.xz
621.wrf_s-8065B.champsimtrace.xz
nohup: failed to run command './bin/bin/bimodal-no-no-no-srrip-1-2-1-4-1-1-8core_sass': No such file or directory
623.xalancbmk_s-10B.champsimtrace.xz
nohup: failed to run command './bin/bin/bimodal-no-no-no-srrip-1-2-1-4-1-1-8core_sass': No such file or directory
623.xalancbmk_s-165B.champsimtrace.xz
nohup: failed to run command './bin/bin/bimodal-no-no-no-srrip-1-2-1-4-1-1-8core_sass': No such file or directory
nohup: failed to run command './bin/bin/bimodal-no-no-no-srrip-1-2-1-4-1-1-8core_sass': No such file or directory
nohup: failed to run command './bin/bin/bimodal-no-no-no-srrip-1-2-1-4-1-1-8core_sass': No such file or directory
623.xalancbmk_s-202B.champsimtrace.xz
nohup: failed to run command './bin/bin/bimodal-no-no-no-srrip-1-2-1-4-1-1-8core_sass': No such file or directory
625.x264_s-20B.champsimtrace.xz
nohup: failed to run command './bin/bin/bimodal-no-no-no-srrip-1-2-1-4-1-1-8core_sass': No such file or directory
nohup: failed to run command './bin/bin/bimodal-no-no-no-srrip-1-2-1-4-1-1-8core_sass': No such file or directory627.cam4_s-490B.champsimtrace.xz

nohup: failed to run command './bin/bin/bimodal-no-no-no-srrip-1-2-1-4-1-1-8core_sass'nohup: : No such file or directoryfailed to run command './bin/bin/bimodal-no-no-no-srrip-1-2-1-4-1-1-8core_sass'
: No such file or directory
628.pop2_s-17B.champsimtrace.xz
649.fotonik3d_s-10881B.champsimtrace.xz
649.fotonik3d_s-1176B.champsimtrace.xz
649.fotonik3d_s-7084B.champsimtrace.xz
nohup: failed to run command './bin/bin/bimodal-no-no-no-srrip-1-2-1-4-1-1-8core_sass': No such file or directory
649.fotonik3d_s-8225B.champsimtrace.xz
654.roms_s-1007B.champsimtrace.xz
nohup: failed to run command './bin/bin/bimodal-no-no-no-srrip-1-2-1-4-1-1-8core_sass': No such file or directory
654.roms_s-1070B.champsimtrace.xz
654.roms_s-1390B.champsimtrace.xz
nohup: failed to run command './bin/bin/bimodal-no-no-no-srrip-1-2-1-4-1-1-8core_sass': No such file or directory
nohup: failed to run command './bin/bin/bimodal-no-no-no-srrip-1-2-1-4-1-1-8core_sass': No such file or directory654.roms_s-293B.champsimtrace.xz

nohup: 654.roms_s-294B.champsimtrace.xz
failed to run command './bin/bin/bimodal-no-no-no-srrip-1-2-1-4-1-1-8core_sass': No such file or directorynohup: 
failed to run command './bin/bin/bimodal-no-no-no-srrip-1-2-1-4-1-1-8core_sass': No such file or directory
nohup: failed to run command './bin/bin/bimodal-no-no-no-srrip-1-2-1-4-1-1-8core_sass'nohup: 654.roms_s-523B.champsimtrace.xz
failed to run command './bin/bin/bimodal-no-no-no-srrip-1-2-1-4-1-1-8core_sass': No such file or directory
: No such file or directory
nohup: failed to run command './bin/bin/bimodal-no-no-no-srrip-1-2-1-4-1-1-8core_sass': No such file or directorynohup: 
failed to run command './bin/bin/bimodal-no-no-no-srrip-1-2-1-4-1-1-8core_sass': No such file or directory
657.xz_s-2302B.champsimtrace.xz
nohup: failed to run command './bin/bin/bimodal-no-no-no-srrip-1-2-1-4-1-1-8core_sass': No such file or directory
nohup: failed to run command './bin/bin/bimodal-no-no-no-srrip-1-2-1-4-1-1-8core_sass': No such file or directory
nohup: failed to run command './bin/bin/bimodal-no-no-no-srrip-1-2-1-4-1-1-8core_sass'nohup: : No such file or directoryfailed to run command './bin/bin/bimodal-no-no-no-srrip-1-2-1-4-1-1-8core_sass'
: No such file or directory
[ERROR] Cannot find the ChampSim binary: bimodal-no-no-no-srrip-1-2-1-4-1-1-8core_sass
600.perlbench_s-570B.champsimtrace.xz
602.gcc_s-1850B.champsimtrace.xz
602.gcc_s-2226B.champsimtrace.xz
602.gcc_s-734B.champsimtrace.xz
nohup: failed to run command 'bin/bimodal-no-no-no-srrip-1-2-1-4-1-1-8core_sass': No such file or directory
603.bwaves_s-1740B.champsimtrace.xz
603.bwaves_s-2609B.champsimtrace.xz
603.bwaves_s-2931B.champsimtrace.xz
nohup: failed to run command 'bin/bimodal-no-no-no-srrip-1-2-1-4-1-1-8core_sass'603.bwaves_s-891B.champsimtrace.xz
: No such file or directory
nohup: failed to run command 'bin/bimodal-no-no-no-srrip-1-2-1-4-1-1-8core_sass': No such file or directory
605.mcf_s-1152B.champsimtrace.xz
nohup: 605.mcf_s-1536B.champsimtrace.xz
failed to run command 'bin/bimodal-no-no-no-srrip-1-2-1-4-1-1-8core_sass': No such file or directory
nohup: failed to run command 'bin/bimodal-no-no-no-srrip-1-2-1-4-1-1-8core_sass': No such file or directory
605.mcf_s-1554B.champsimtrace.xz
605.mcf_s-1644B.champsimtrace.xz
nohup: failed to run command 'bin/bimodal-no-no-no-srrip-1-2-1-4-1-1-8core_sass': No such file or directory
nohup: failed to run command 'bin/bimodal-no-no-no-srrip-1-2-1-4-1-1-8core_sass'605.mcf_s-472B.champsimtrace.xz
: No such file or directory
nohup: failed to run command 'bin/bimodal-no-no-no-srrip-1-2-1-4-1-1-8core_sass': No such file or directory
605.mcf_s-484B.champsimtrace.xz
nohup: failed to run command 'bin/bimodal-no-no-no-srrip-1-2-1-4-1-1-8core_sass': No such file or directory
605.mcf_s-665B.champsimtrace.xz
nohup: failed to run command 'bin/bimodal-no-no-no-srrip-1-2-1-4-1-1-8core_sass': No such file or directory
nohup: failed to run command 'bin/bimodal-no-no-no-srrip-1-2-1-4-1-1-8core_sass': No such file or directory
605.mcf_s-782B.champsimtrace.xz
nohup: failed to run command 'bin/bimodal-no-no-no-srrip-1-2-1-4-1-1-8core_sass': No such file or directory
nohup: failed to run command 'bin/bimodal-no-no-no-srrip-1-2-1-4-1-1-8core_sass': No such file or directory
605.mcf_s-994B.champsimtrace.xz
607.cactuBSSN_s-2421B.champsimtrace.xz
nohup: failed to run command 'bin/bimodal-no-no-no-srrip-1-2-1-4-1-1-8core_sass': No such file or directory
nohup: failed to run command 'bin/bimodal-no-no-no-srrip-1-2-1-4-1-1-8core_sass': No such file or directory607.cactuBSSN_s-3477B.champsimtrace.xz

nohup: failed to run command 'bin/bimodal-no-no-no-srrip-1-2-1-4-1-1-8core_sass': No such file or directory
607.cactuBSSN_s-4004B.champsimtrace.xz
nohup: failed to run command 'bin/bimodal-no-no-no-srrip-1-2-1-4-1-1-8core_sass': No such file or directory
nohup: failed to run command 'bin/bimodal-no-no-no-srrip-1-2-1-4-1-1-8core_sass': No such file or directory
619.lbm_s-2676B.champsimtrace.xz
619.lbm_s-2677B.champsimtrace.xz
619.lbm_s-3766B.champsimtrace.xz
nohup: failed to run command 'bin/bimodal-no-no-no-srrip-1-2-1-4-1-1-8core_sass': No such file or directory
619.lbm_s-4268B.champsimtrace.xz
620.omnetpp_s-141B.champsimtrace.xz
nohup: failed to run command 'bin/bimodal-no-no-no-srrip-1-2-1-4-1-1-8core_sass': No such file or directory
620.omnetpp_s-874B.champsimtrace.xz
nohup: failed to run command 'bin/bimodal-no-no-no-srrip-1-2-1-4-1-1-8core_sass': No such file or directory
621.wrf_s-6673B.champsimtrace.xz
nohup: failed to run command 'bin/bimodal-no-no-no-srrip-1-2-1-4-1-1-8core_sass'621.wrf_s-8065B.champsimtrace.xz
: No such file or directory
nohup: failed to run command 'bin/bimodal-no-no-no-srrip-1-2-1-4-1-1-8core_sass': No such file or directory
623.xalancbmk_s-10B.champsimtrace.xz
nohup: failed to run command 'bin/bimodal-no-no-no-srrip-1-2-1-4-1-1-8core_sass'nohup: : No such file or directoryfailed to run command 'bin/bimodal-no-no-no-srrip-1-2-1-4-1-1-8core_sass'
: No such file or directory
623.xalancbmk_s-165B.champsimtrace.xz
nohup: failed to run command 'bin/bimodal-no-no-no-srrip-1-2-1-4-1-1-8core_sass': No such file or directory
623.xalancbmk_s-202B.champsimtrace.xz
nohup: failed to run command 'bin/bimodal-no-no-no-srrip-1-2-1-4-1-1-8core_sass': No such file or directory
625.x264_s-20B.champsimtrace.xz
nohup: failed to run command 'bin/bimodal-no-no-no-srrip-1-2-1-4-1-1-8core_sass': No such file or directory
nohup: failed to run command 'bin/bimodal-no-no-no-srrip-1-2-1-4-1-1-8core_sass': No such file or directory
nohup: failed to run command 'bin/bimodal-no-no-no-srrip-1-2-1-4-1-1-8core_sass': No such file or directory
627.cam4_s-490B.champsimtrace.xz
628.pop2_s-17B.champsimtrace.xz
649.fotonik3d_s-10881B.champsimtrace.xz
nohup: failed to run command 'bin/bimodal-no-no-no-srrip-1-2-1-4-1-1-8core_sass': No such file or directory
649.fotonik3d_s-1176B.champsimtrace.xz
649.fotonik3d_s-7084B.champsimtrace.xz
nohup: failed to run command 'bin/bimodal-no-no-no-srrip-1-2-1-4-1-1-8core_sass': No such file or directory
649.fotonik3d_s-8225B.champsimtrace.xz
nohup: failed to run command 'bin/bimodal-no-no-no-srrip-1-2-1-4-1-1-8core_sass': No such file or directory
654.roms_s-1007B.champsimtrace.xz
nohup: failed to run command 'bin/bimodal-no-no-no-srrip-1-2-1-4-1-1-8core_sass': No such file or directory
nohup: 654.roms_s-1070B.champsimtrace.xz
failed to run command 'bin/bimodal-no-no-no-srrip-1-2-1-4-1-1-8core_sass': No such file or directory
nohup: failed to run command 'bin/bimodal-no-no-no-srrip-1-2-1-4-1-1-8core_sass': No such file or directory
654.roms_s-1390B.champsimtrace.xz
nohup: failed to run command 'bin/bimodal-no-no-no-srrip-1-2-1-4-1-1-8core_sass': No such file or directory
nohup: failed to run command 'bin/bimodal-no-no-no-srrip-1-2-1-4-1-1-8core_sass': No such file or directory
nohup: failed to run command 'bin/bimodal-no-no-no-srrip-1-2-1-4-1-1-8core_sass': No such file or directory
654.roms_s-293B.champsimtrace.xz
654.roms_s-294B.champsimtrace.xz
nohup: failed to run command 'bin/bimodal-no-no-no-srrip-1-2-1-4-1-1-8core_sass': No such file or directory
654.roms_s-523B.champsimtrace.xz
657.xz_s-2302B.champsimtrace.xz
nohup: failed to run command 'bin/bimodal-no-no-no-srrip-1-2-1-4-1-1-8core_sass': No such file or directory
nohup: failed to run command 'bin/bimodal-no-no-no-srrip-1-2-1-4-1-1-8core_sass': No such file or directory
nohup: failed to run command 'bin/bimodal-no-no-no-srrip-1-2-1-4-1-1-8core_sass': No such file or directory
nohup: failed to run command 'bin/bimodal-no-no-no-srrip-1-2-1-4-1-1-8core_sass': No such file or directory
nohup: failed to run command 'bin/bimodal-no-no-no-srrip-1-2-1-4-1-1-8core_sass': No such file or directory
600.perlbench_s-570B.champsimtrace.xz
602.gcc_s-1850B.champsimtrace.xz
602.gcc_s-2226B.champsimtrace.xz
602.gcc_s-734B.champsimtrace.xz
nohup: 603.bwaves_s-1740B.champsimtrace.xz
failed to run command './bin/bimodal-no-no-no-srrip-1-2-1-4-1-1-8core_sass': No such file or directory
603.bwaves_s-2609B.champsimtrace.xz
603.bwaves_s-2931B.champsimtrace.xz
nohup: failed to run command './bin/bimodal-no-no-no-srrip-1-2-1-4-1-1-8core_sass': No such file or directory
603.bwaves_s-891B.champsimtrace.xz
nohup: failed to run command './bin/bimodal-no-no-no-srrip-1-2-1-4-1-1-8core_sass': No such file or directory
605.mcf_s-1152B.champsimtrace.xz
nohup: failed to run command './bin/bimodal-no-no-no-srrip-1-2-1-4-1-1-8core_sass': No such file or directory
605.mcf_s-1536B.champsimtrace.xz
nohup: failed to run command './bin/bimodal-no-no-no-srrip-1-2-1-4-1-1-8core_sass': No such file or directory
605.mcf_s-1554B.champsimtrace.xz
nohup: failed to run command './bin/bimodal-no-no-no-srrip-1-2-1-4-1-1-8core_sass': No such file or directory
nohup: failed to run command './bin/bimodal-no-no-no-srrip-1-2-1-4-1-1-8core_sass'605.mcf_s-1644B.champsimtrace.xz
: No such file or directory
nohup: failed to run command './bin/bimodal-no-no-no-srrip-1-2-1-4-1-1-8core_sass': No such file or directory
605.mcf_s-472B.champsimtrace.xz
605.mcf_s-484B.champsimtrace.xz
nohup: failed to run command './bin/bimodal-no-no-no-srrip-1-2-1-4-1-1-8core_sass': No such file or directory
nohup: failed to run command './bin/bimodal-no-no-no-srrip-1-2-1-4-1-1-8core_sass': No such file or directory
605.mcf_s-665B.champsimtrace.xz
nohup: failed to run command './bin/bimodal-no-no-no-srrip-1-2-1-4-1-1-8core_sass': No such file or directory
605.mcf_s-782B.champsimtrace.xz
nohup: failed to run command './bin/bimodal-no-no-no-srrip-1-2-1-4-1-1-8core_sass': No such file or directory
nohup: failed to run command './bin/bimodal-no-no-no-srrip-1-2-1-4-1-1-8core_sass': No such file or directory
nohup: failed to run command './bin/bimodal-no-no-no-srrip-1-2-1-4-1-1-8core_sass': No such file or directory
605.mcf_s-994B.champsimtrace.xz
607.cactuBSSN_s-2421B.champsimtrace.xz
607.cactuBSSN_s-3477B.champsimtrace.xz
nohup: failed to run command './bin/bimodal-no-no-no-srrip-1-2-1-4-1-1-8core_sass': No such file or directory
607.cactuBSSN_s-4004B.champsimtrace.xz
nohup: failed to run command './bin/bimodal-no-no-no-srrip-1-2-1-4-1-1-8core_sass'619.lbm_s-2676B.champsimtrace.xz
: No such file or directory
619.lbm_s-2677B.champsimtrace.xz
nohup: failed to run command './bin/bimodal-no-no-no-srrip-1-2-1-4-1-1-8core_sass': No such file or directory
619.lbm_s-3766B.champsimtrace.xz
619.lbm_s-4268B.champsimtrace.xz
nohup: failed to run command './bin/bimodal-no-no-no-srrip-1-2-1-4-1-1-8core_sass'620.omnetpp_s-141B.champsimtrace.xz
: No such file or directory
nohup: failed to run command './bin/bimodal-no-no-no-srrip-1-2-1-4-1-1-8core_sass': No such file or directory
nohup: failed to run command './bin/bimodal-no-no-no-srrip-1-2-1-4-1-1-8core_sass'620.omnetpp_s-874B.champsimtrace.xz
: No such file or directory
nohup: failed to run command './bin/bimodal-no-no-no-srrip-1-2-1-4-1-1-8core_sass': No such file or directory
nohup: failed to run command './bin/bimodal-no-no-no-srrip-1-2-1-4-1-1-8core_sass': No such file or directory
621.wrf_s-6673B.champsimtrace.xz
nohup: failed to run command './bin/bimodal-no-no-no-srrip-1-2-1-4-1-1-8core_sass': No such file or directory
nohup: failed to run command './bin/bimodal-no-no-no-srrip-1-2-1-4-1-1-8core_sass': No such file or directory
621.wrf_s-8065B.champsimtrace.xz
nohup: failed to run command './bin/bimodal-no-no-no-srrip-1-2-1-4-1-1-8core_sass': No such file or directory
nohup: failed to run command './bin/bimodal-no-no-no-srrip-1-2-1-4-1-1-8core_sass': No such file or directory
623.xalancbmk_s-10B.champsimtrace.xz
nohup: failed to run command './bin/bimodal-no-no-no-srrip-1-2-1-4-1-1-8core_sass': No such file or directory
623.xalancbmk_s-165B.champsimtrace.xz
623.xalancbmk_s-202B.champsimtrace.xz
625.x264_s-20B.champsimtrace.xz
627.cam4_s-490B.champsimtrace.xz
nohup: failed to run command './bin/bimodal-no-no-no-srrip-1-2-1-4-1-1-8core_sass': No such file or directory
628.pop2_s-17B.champsimtrace.xz
nohup: failed to run command './bin/bimodal-no-no-no-srrip-1-2-1-4-1-1-8core_sass'649.fotonik3d_s-10881B.champsimtrace.xz
: No such file or directory
649.fotonik3d_s-1176B.champsimtrace.xz
nohup: failed to run command './bin/bimodal-no-no-no-srrip-1-2-1-4-1-1-8core_sass': No such file or directory
649.fotonik3d_s-7084B.champsimtrace.xz
nohup: failed to run command './bin/bimodal-no-no-no-srrip-1-2-1-4-1-1-8core_sass': No such file or directory
649.fotonik3d_s-8225B.champsimtrace.xz
nohup: failed to run command './bin/bimodal-no-no-no-srrip-1-2-1-4-1-1-8core_sass': No such file or directory
nohup: 654.roms_s-1007B.champsimtrace.xz
failed to run command './bin/bimodal-no-no-no-srrip-1-2-1-4-1-1-8core_sass': No such file or directory
nohup: failed to run command './bin/bimodal-no-no-no-srrip-1-2-1-4-1-1-8core_sass': No such file or directory
nohup: failed to run command './bin/bimodal-no-no-no-srrip-1-2-1-4-1-1-8core_sass': No such file or directory
654.roms_s-1070B.champsimtrace.xz
nohup: failed to run command './bin/bimodal-no-no-no-srrip-1-2-1-4-1-1-8core_sass': No such file or directory
654.roms_s-1390B.champsimtrace.xz
nohup: failed to run command './bin/bimodal-no-no-no-srrip-1-2-1-4-1-1-8core_sass': No such file or directory
654.roms_s-293B.champsimtrace.xz
nohup: failed to run command './bin/bimodal-no-no-no-srrip-1-2-1-4-1-1-8core_sass': No such file or directory
654.roms_s-294B.champsimtrace.xz
654.roms_s-523B.champsimtrace.xz
nohup: failed to run command './bin/bimodal-no-no-no-srrip-1-2-1-4-1-1-8core_sass': No such file or directory
657.xz_s-2302B.champsimtrace.xz
nohup: failed to run command './bin/bimodal-no-no-no-srrip-1-2-1-4-1-1-8core_sass': No such file or directory
nohup: failed to run command './bin/bimodal-no-no-no-srrip-1-2-1-4-1-1-8core_sass': No such file or directory
nohup: failed to run command './bin/bimodal-no-no-no-srrip-1-2-1-4-1-1-8core_sass': No such file or directory
nohup: failed to run command './bin/bimodal-no-no-no-srrip-1-2-1-4-1-1-8core_sass': No such file or directory
nohup: failed to run command './bin/bimodal-no-no-no-srrip-1-2-1-4-1-1-8core_sass': No such file or directory
nohup: failed to run command './bin/bimodal-no-no-no-srrip-1-2-1-4-1-1-8core_sass': No such file or directory
600.perlbench_s-570B.champsimtrace.xz
602.gcc_s-1850B.champsimtrace.xz
602.gcc_s-2226B.champsimtrace.xz
602.gcc_s-734B.champsimtrace.xz
603.bwaves_s-1740B.champsimtrace.xz
603.bwaves_s-2609B.champsimtrace.xz
603.bwaves_s-2931B.champsimtrace.xz
603.bwaves_s-891B.champsimtrace.xz
605.mcf_s-1152B.champsimtrace.xz
605.mcf_s-1536B.champsimtrace.xz
605.mcf_s-1554B.champsimtrace.xz
605.mcf_s-1644B.champsimtrace.xz
605.mcf_s-472B.champsimtrace.xz
605.mcf_s-484B.champsimtrace.xz
605.mcf_s-665B.champsimtrace.xz
605.mcf_s-782B.champsimtrace.xz
605.mcf_s-994B.champsimtrace.xz
607.cactuBSSN_s-2421B.champsimtrace.xz
607.cactuBSSN_s-3477B.champsimtrace.xz
607.cactuBSSN_s-4004B.champsimtrace.xz
619.lbm_s-2676B.champsimtrace.xz
619.lbm_s-2677B.champsimtrace.xz
619.lbm_s-3766B.champsimtrace.xz
619.lbm_s-4268B.champsimtrace.xz
620.omnetpp_s-141B.champsimtrace.xz
620.omnetpp_s-874B.champsimtrace.xz
621.wrf_s-6673B.champsimtrace.xz
621.wrf_s-8065B.champsimtrace.xz
623.xalancbmk_s-10B.champsimtrace.xz
623.xalancbmk_s-165B.champsimtrace.xz
623.xalancbmk_s-202B.champsimtrace.xz
625.x264_s-20B.champsimtrace.xz
627.cam4_s-490B.champsimtrace.xz
628.pop2_s-17B.champsimtrace.xz
649.fotonik3d_s-10881B.champsimtrace.xz
649.fotonik3d_s-1176B.champsimtrace.xz
649.fotonik3d_s-7084B.champsimtrace.xz
649.fotonik3d_s-8225B.champsimtrace.xz
654.roms_s-1007B.champsimtrace.xz
654.roms_s-1070B.champsimtrace.xz
654.roms_s-1390B.champsimtrace.xz
654.roms_s-293B.champsimtrace.xz
654.roms_s-294B.champsimtrace.xz
654.roms_s-523B.champsimtrace.xz
657.xz_s-2302B.champsimtrace.xz
